test.S: Assembler messages:
test.S:1: Error: junk at end of line, first unrecognized character is `@'
test.S:2: Error: junk at end of line, first unrecognized character is `@'
test.S:3: Error: junk at end of line, first unrecognized character is `@'
test.S:4: Error: unrecognized opcode `define i32@tran(i32*%0,i32*%1,i32*%2,i32*%3,i32*%4,i32*%5,i32*%6,i32*%7,i32*%8){'
test.S:6: Error: junk at end of line, first unrecognized character is `%'
test.S:7: Error: junk at end of line, first unrecognized character is `%'
test.S:8: Error: junk at end of line, first unrecognized character is `%'
test.S:9: Error: unrecognized opcode `store i32%10,i32*%11'
test.S:10: Error: junk at end of line, first unrecognized character is `%'
test.S:11: Error: junk at end of line, first unrecognized character is `%'
test.S:12: Error: junk at end of line, first unrecognized character is `%'
test.S:13: Error: unrecognized opcode `store i32%13,i32*%14'
test.S:14: Error: junk at end of line, first unrecognized character is `%'
test.S:15: Error: junk at end of line, first unrecognized character is `%'
test.S:16: Error: junk at end of line, first unrecognized character is `%'
test.S:17: Error: unrecognized opcode `store i32%16,i32*%17'
test.S:18: Error: junk at end of line, first unrecognized character is `%'
test.S:19: Error: junk at end of line, first unrecognized character is `%'
test.S:20: Error: junk at end of line, first unrecognized character is `%'
test.S:21: Error: unrecognized opcode `store i32%19,i32*%20'
test.S:22: Error: junk at end of line, first unrecognized character is `%'
test.S:23: Error: junk at end of line, first unrecognized character is `%'
test.S:24: Error: junk at end of line, first unrecognized character is `%'
test.S:25: Error: unrecognized opcode `store i32%22,i32*%23'
test.S:26: Error: junk at end of line, first unrecognized character is `%'
test.S:27: Error: junk at end of line, first unrecognized character is `%'
test.S:28: Error: junk at end of line, first unrecognized character is `%'
test.S:29: Error: unrecognized opcode `store i32%25,i32*%26'
test.S:30: Error: junk at end of line, first unrecognized character is `%'
test.S:31: Error: junk at end of line, first unrecognized character is `%'
test.S:32: Error: junk at end of line, first unrecognized character is `%'
test.S:33: Error: unrecognized opcode `store i32%28,i32*%29'
test.S:34: Error: junk at end of line, first unrecognized character is `%'
test.S:35: Error: junk at end of line, first unrecognized character is `%'
test.S:36: Error: junk at end of line, first unrecognized character is `%'
test.S:37: Error: unrecognized opcode `store i32%31,i32*%32'
test.S:38: Error: junk at end of line, first unrecognized character is `%'
test.S:39: Error: junk at end of line, first unrecognized character is `%'
test.S:40: Error: junk at end of line, first unrecognized character is `%'
test.S:41: Error: unrecognized opcode `store i32%34,i32*%35'
test.S:42: Error: unrecognized opcode `br label%block1'
test.S:44: Error: junk at end of line, first unrecognized character is `%'
test.S:45: Error: illegal operands `ret i32%36'
test.S:46: Error: junk at end of line, first unrecognized character is `}'
test.S:47: Error: unrecognized opcode `define i32@main(){'
test.S:49: Error: unrecognized opcode `store i32 3,i32*@N'
test.S:50: Error: unrecognized opcode `store i32 3,i32*@M'
test.S:51: Error: unrecognized opcode `store i32 3,i32*@L'
test.S:52: Error: junk at end of line, first unrecognized character is `%'
test.S:53: Error: junk at end of line, first unrecognized character is `%'
test.S:54: Error: junk at end of line, first unrecognized character is `%'
test.S:55: Error: junk at end of line, first unrecognized character is `%'
test.S:56: Error: junk at end of line, first unrecognized character is `%'
test.S:57: Error: junk at end of line, first unrecognized character is `%'
test.S:58: Error: junk at end of line, first unrecognized character is `%'
test.S:59: Error: junk at end of line, first unrecognized character is `%'
test.S:60: Error: junk at end of line, first unrecognized character is `%'
test.S:61: Error: unrecognized opcode `br label%block1'
test.S:63: Error: junk at end of line, first unrecognized character is `%'
test.S:64: Error: junk at end of line, first unrecognized character is `%'
test.S:65: Error: junk at end of line, first unrecognized character is `%'
test.S:66: Error: junk at end of line, first unrecognized character is `%'
test.S:67: Error: junk at end of line, first unrecognized character is `%'
test.S:68: Error: junk at end of line, first unrecognized character is `%'
test.S:69: Error: junk at end of line, first unrecognized character is `%'
test.S:70: Error: junk at end of line, first unrecognized character is `%'
test.S:71: Error: junk at end of line, first unrecognized character is `%'
test.S:72: Error: junk at end of line, first unrecognized character is `%'
test.S:73: Error: junk at end of line, first unrecognized character is `%'
test.S:74: Error: junk at end of line, first unrecognized character is `%'
test.S:75: Error: unrecognized opcode `br i1%20,label%block2,label%block3'
test.S:77: Error: junk at end of line, first unrecognized character is `%'
test.S:78: Error: unrecognized opcode `store i32%9,i32*%21'
test.S:79: Error: junk at end of line, first unrecognized character is `%'
test.S:80: Error: unrecognized opcode `store i32%9,i32*%22'
test.S:81: Error: junk at end of line, first unrecognized character is `%'
test.S:82: Error: unrecognized opcode `store i32%9,i32*%23'
test.S:83: Error: junk at end of line, first unrecognized character is `%'
test.S:84: Error: unrecognized opcode `store i32%9,i32*%24'
test.S:85: Error: junk at end of line, first unrecognized character is `%'
test.S:86: Error: unrecognized opcode `store i32%9,i32*%25'
test.S:87: Error: junk at end of line, first unrecognized character is `%'
test.S:88: Error: unrecognized opcode `store i32%9,i32*%26'
test.S:89: Error: junk at end of line, first unrecognized character is `%'
test.S:90: Error: unrecognized opcode `br label%block1'
test.S:92: Error: junk at end of line, first unrecognized character is `%'
test.S:93: Error: junk at end of line, first unrecognized character is `%'
test.S:94: Error: junk at end of line, first unrecognized character is `%'
test.S:95: Error: junk at end of line, first unrecognized character is `%'
test.S:96: Error: junk at end of line, first unrecognized character is `%'
test.S:97: Error: junk at end of line, first unrecognized character is `%'
test.S:98: Error: junk at end of line, first unrecognized character is `%'
test.S:99: Error: junk at end of line, first unrecognized character is `%'
test.S:100: Error: junk at end of line, first unrecognized character is `%'
test.S:101: Error: junk at end of line, first unrecognized character is `%'
test.S:102: Error: unrecognized opcode `br label%block4'
test.S:104: Error: junk at end of line, first unrecognized character is `%'
test.S:105: Error: junk at end of line, first unrecognized character is `%'
test.S:106: Error: junk at end of line, first unrecognized character is `%'
test.S:107: Error: junk at end of line, first unrecognized character is `%'
test.S:108: Error: junk at end of line, first unrecognized character is `%'
test.S:109: Error: junk at end of line, first unrecognized character is `%'
test.S:110: Error: unrecognized opcode `br i1%43,label%block5,label%block6'
test.S:112: Error: junk at end of line, first unrecognized character is `%'
test.S:113: Error: junk at end of line, first unrecognized character is `%'
test.S:114: Error: illegal operands `call void@putint(i32 noundef%45)'
test.S:115: Error: junk at end of line, first unrecognized character is `%'
test.S:116: Error: unrecognized opcode `br label%block4'
test.S:118: Error: illegal operands `call void@putch(i32 noundef 10)'
test.S:119: Error: unrecognized opcode `br label%block7'
test.S:121: Error: junk at end of line, first unrecognized character is `%'
test.S:122: Error: junk at end of line, first unrecognized character is `%'
test.S:123: Error: junk at end of line, first unrecognized character is `%'
test.S:124: Error: junk at end of line, first unrecognized character is `%'
test.S:125: Error: junk at end of line, first unrecognized character is `%'
test.S:126: Error: unrecognized opcode `br i1%51,label%block8,label%block9'
test.S:128: Error: junk at end of line, first unrecognized character is `%'
test.S:129: Error: junk at end of line, first unrecognized character is `%'
test.S:130: Error: illegal operands `call void@putint(i32 noundef%53)'
test.S:131: Error: junk at end of line, first unrecognized character is `%'
test.S:132: Error: unrecognized opcode `br label%block7'
test.S:134: Error: illegal operands `call void@putch(i32 noundef 10)'
test.S:135: Error: unrecognized opcode `br label%block10'
test.S:137: Error: junk at end of line, first unrecognized character is `%'
test.S:138: Error: junk at end of line, first unrecognized character is `%'
test.S:139: Error: junk at end of line, first unrecognized character is `%'
test.S:140: Error: junk at end of line, first unrecognized character is `%'
test.S:141: Error: unrecognized opcode `br i1%58,label%block11,label%block12'
test.S:143: Error: junk at end of line, first unrecognized character is `%'
test.S:144: Error: junk at end of line, first unrecognized character is `%'
test.S:145: Error: illegal operands `call void@putint(i32 noundef%60)'
test.S:146: Error: junk at end of line, first unrecognized character is `%'
test.S:147: Error: unrecognized opcode `br label%block10'
test.S:149: Error: illegal operands `call void@putch(i32 noundef 10)'
test.S:150: Error: unrecognized opcode `br label%block13'
test.S:152: Error: junk at end of line, first unrecognized character is `%'
test.S:153: Error: illegal operands `ret i32%62'
test.S:154: Error: junk at end of line, first unrecognized character is `}'
test.S:157: Error: unrecognized opcode `declare i32@getint()'
test.S:158: Error: unrecognized opcode `declare i32@getch()'
test.S:159: Error: unrecognized opcode `declare float@getfloat()'
test.S:160: Error: unrecognized opcode `declare i32@getarray(i32*%0)'
test.S:161: Error: unrecognized opcode `declare i32@getfarray(float*%0)'
test.S:162: Error: unrecognized opcode `declare void@putint(i32%0)'
test.S:163: Error: unrecognized opcode `declare void@putch(i32%0)'
test.S:164: Error: unrecognized opcode `declare void@putarray(i32%0,i32*%1)'
test.S:165: Error: unrecognized opcode `declare void@putfloat(float%0)'
test.S:166: Error: unrecognized opcode `declare void@putfarray(i32%0,float*%1)'
test.S:167: Error: unrecognized opcode `declare void@putf(i8*%0,...)'
test.S:168: Error: unrecognized opcode `declare void@before_main()'
test.S:169: Error: unrecognized opcode `declare void@after_main()'
test.S:170: Error: unrecognized opcode `declare void@_sysy_starttime(i32%0)'
test.S:171: Error: unrecognized opcode `declare void@_sysy_stoptime(i32%0)'
test.S:174: Error: unrecognized opcode `declare void@llvm.memset.p0.i32(ptr nocapture writeonly,i8,i32,i1 immarg)'
test.S:175: Error: unrecognized opcode `register Allocation Result of tran'
test.S:176: Error: junk at end of line, first unrecognized character is `%'
test.S:177: Error: junk at end of line, first unrecognized character is `%'
test.S:178: Error: junk at end of line, first unrecognized character is `%'
test.S:179: Error: junk at end of line, first unrecognized character is `%'
test.S:180: Error: junk at end of line, first unrecognized character is `%'
test.S:181: Error: junk at end of line, first unrecognized character is `%'
test.S:182: Error: junk at end of line, first unrecognized character is `%'
test.S:183: Error: junk at end of line, first unrecognized character is `%'
test.S:184: Error: junk at end of line, first unrecognized character is `%'
test.S:185: Error: junk at end of line, first unrecognized character is `%'
test.S:186: Error: junk at end of line, first unrecognized character is `%'
test.S:187: Error: junk at end of line, first unrecognized character is `%'
test.S:188: Error: junk at end of line, first unrecognized character is `%'
test.S:189: Error: junk at end of line, first unrecognized character is `%'
test.S:190: Error: junk at end of line, first unrecognized character is `%'
test.S:191: Error: junk at end of line, first unrecognized character is `%'
test.S:192: Error: junk at end of line, first unrecognized character is `%'
test.S:193: Error: junk at end of line, first unrecognized character is `%'
test.S:194: Error: junk at end of line, first unrecognized character is `%'
test.S:195: Error: junk at end of line, first unrecognized character is `%'
test.S:196: Error: junk at end of line, first unrecognized character is `%'
test.S:197: Error: junk at end of line, first unrecognized character is `%'
test.S:198: Error: junk at end of line, first unrecognized character is `%'
test.S:199: Error: junk at end of line, first unrecognized character is `%'
test.S:200: Error: junk at end of line, first unrecognized character is `%'
test.S:201: Error: junk at end of line, first unrecognized character is `%'
test.S:202: Error: junk at end of line, first unrecognized character is `%'
test.S:203: Error: junk at end of line, first unrecognized character is `%'
test.S:204: Error: unrecognized opcode `register Allocation Result of main'
test.S:205: Error: junk at end of line, first unrecognized character is `%'
test.S:206: Error: junk at end of line, first unrecognized character is `%'
test.S:207: Error: junk at end of line, first unrecognized character is `%'
test.S:208: Error: junk at end of line, first unrecognized character is `%'
test.S:209: Error: junk at end of line, first unrecognized character is `%'
test.S:210: Error: junk at end of line, first unrecognized character is `%'
test.S:211: Error: junk at end of line, first unrecognized character is `%'
test.S:212: Error: junk at end of line, first unrecognized character is `%'
test.S:213: Error: junk at end of line, first unrecognized character is `%'
test.S:214: Error: junk at end of line, first unrecognized character is `%'
test.S:215: Error: junk at end of line, first unrecognized character is `%'
test.S:216: Error: junk at end of line, first unrecognized character is `%'
test.S:217: Error: junk at end of line, first unrecognized character is `%'
test.S:218: Error: junk at end of line, first unrecognized character is `%'
test.S:219: Error: junk at end of line, first unrecognized character is `%'
test.S:220: Error: junk at end of line, first unrecognized character is `%'
test.S:221: Error: junk at end of line, first unrecognized character is `%'
test.S:222: Error: junk at end of line, first unrecognized character is `%'
test.S:223: Error: junk at end of line, first unrecognized character is `%'
test.S:224: Error: junk at end of line, first unrecognized character is `%'
test.S:225: Error: junk at end of line, first unrecognized character is `%'
test.S:226: Error: junk at end of line, first unrecognized character is `%'
test.S:227: Error: junk at end of line, first unrecognized character is `%'
test.S:228: Error: junk at end of line, first unrecognized character is `%'
test.S:229: Error: junk at end of line, first unrecognized character is `%'
test.S:230: Error: junk at end of line, first unrecognized character is `%'
test.S:231: Error: junk at end of line, first unrecognized character is `%'
test.S:232: Error: junk at end of line, first unrecognized character is `%'
test.S:233: Error: junk at end of line, first unrecognized character is `%'
test.S:234: Error: junk at end of line, first unrecognized character is `%'
test.S:235: Error: junk at end of line, first unrecognized character is `%'
test.S:236: Error: junk at end of line, first unrecognized character is `%'
test.S:237: Error: junk at end of line, first unrecognized character is `%'
test.S:238: Error: junk at end of line, first unrecognized character is `%'
test.S:239: Error: junk at end of line, first unrecognized character is `%'
test.S:240: Error: junk at end of line, first unrecognized character is `%'
test.S:241: Error: junk at end of line, first unrecognized character is `%'
test.S:242: Error: junk at end of line, first unrecognized character is `%'
test.S:243: Error: junk at end of line, first unrecognized character is `%'
test.S:244: Error: junk at end of line, first unrecognized character is `%'
test.S:245: Error: junk at end of line, first unrecognized character is `%'
test.S:246: Error: junk at end of line, first unrecognized character is `%'
test.S:247: Error: junk at end of line, first unrecognized character is `%'
test.S:248: Error: junk at end of line, first unrecognized character is `%'
test.S:249: Error: junk at end of line, first unrecognized character is `%'
test.S:250: Error: junk at end of line, first unrecognized character is `%'
test.S:251: Error: junk at end of line, first unrecognized character is `%'
test.S:252: Error: junk at end of line, first unrecognized character is `%'
test.S:253: Error: junk at end of line, first unrecognized character is `%'
test.S:254: Error: junk at end of line, first unrecognized character is `%'
test.S:255: Error: junk at end of line, first unrecognized character is `%'
test.S:256: Error: junk at end of line, first unrecognized character is `%'
test.S:257: Error: junk at end of line, first unrecognized character is `%'
test.S:258: Error: junk at end of line, first unrecognized character is `%'
test.S:259: Error: junk at end of line, first unrecognized character is `%'
test.S:260: Error: junk at end of line, first unrecognized character is `%'
test.S:261: Error: junk at end of line, first unrecognized character is `%'
test.S:262: Error: junk at end of line, first unrecognized character is `%'
test.S:263: Error: junk at end of line, first unrecognized character is `%'
test.S:264: Error: junk at end of line, first unrecognized character is `%'
test.S:265: Error: junk at end of line, first unrecognized character is `%'
test.S:266: Error: junk at end of line, first unrecognized character is `%'
test.S:267: Error: junk at end of line, first unrecognized character is `%'

139
